[debug] [2019-11-24T09:30:40.706Z] ----------------------------------------------------------------------
[debug] [2019-11-24T09:30:40.707Z] Command:       /usr/bin/node /usr/local/bin/firebase serve --only functions
[debug] [2019-11-24T09:30:40.708Z] CLI Version:   7.6.1
[debug] [2019-11-24T09:30:40.708Z] Platform:      linux
[debug] [2019-11-24T09:30:40.708Z] Node Version:  v8.10.0
[debug] [2019-11-24T09:30:40.708Z] Time:          Sun Nov 24 2019 15:00:40 GMT+0530 (IST)
[debug] [2019-11-24T09:30:40.708Z] ----------------------------------------------------------------------
[debug] [2019-11-24T09:30:40.708Z] 
[debug] [2019-11-24T09:30:40.711Z] > command requires scopes: ["email","openid","https://www.googleapis.com/auth/cloudplatformprojects.readonly","https://www.googleapis.com/auth/firebase","https://www.googleapis.com/auth/cloud-platform"]
[debug] [2019-11-24T09:30:40.711Z] > authorizing via signed-in user
[debug] [2019-11-24T09:30:40.712Z] [iam] checking project tecpixels-bs for permissions ["firebase.projects.get"]
[debug] [2019-11-24T09:30:40.713Z] >>> HTTP REQUEST POST https://cloudresourcemanager.googleapis.com/v1/projects/tecpixels-bs:testIamPermissions  

[debug] [2019-11-24T09:31:23.606Z] Error: socket hang up
    at TLSSocket.onHangUp (_tls_wrap.js:1137:19)
    at Object.onceWrapper (events.js:313:30)
    at emitNone (events.js:111:20)
    at TLSSocket.emit (events.js:208:7)
    at endReadableNT (_stream_readable.js:1064:12)
    at _combinedTickCallback (internal/process/next_tick.js:138:11)
    at process._tickDomainCallback (internal/process/next_tick.js:218:9)
[error] 
[error] Error: Server Error. socket hang up
[debug] [2019-11-24T09:31:54.546Z] ----------------------------------------------------------------------
[debug] [2019-11-24T09:31:54.547Z] Command:       /usr/bin/node /usr/local/bin/firebase serve --only functions
[debug] [2019-11-24T09:31:54.547Z] CLI Version:   7.6.1
[debug] [2019-11-24T09:31:54.547Z] Platform:      linux
[debug] [2019-11-24T09:31:54.547Z] Node Version:  v8.10.0
[debug] [2019-11-24T09:31:54.547Z] Time:          Sun Nov 24 2019 15:01:54 GMT+0530 (IST)
[debug] [2019-11-24T09:31:54.547Z] ----------------------------------------------------------------------
[debug] [2019-11-24T09:31:54.547Z] 
[debug] [2019-11-24T09:31:54.551Z] > command requires scopes: ["email","openid","https://www.googleapis.com/auth/cloudplatformprojects.readonly","https://www.googleapis.com/auth/firebase","https://www.googleapis.com/auth/cloud-platform"]
[debug] [2019-11-24T09:31:54.551Z] > authorizing via signed-in user
[debug] [2019-11-24T09:31:54.552Z] [iam] checking project tecpixels-bs for permissions ["firebase.projects.get"]
[debug] [2019-11-24T09:31:54.553Z] >>> HTTP REQUEST POST https://cloudresourcemanager.googleapis.com/v1/projects/tecpixels-bs:testIamPermissions  

